mode: set
catapi/controllers/cat_api.go:14.39,15.19 1 0
catapi/controllers/cat_api.go:15.19,17.3 1 0
catapi/controllers/cat_api.go:19.2,23.16 4 0
catapi/controllers/cat_api.go:23.16,25.3 1 0
catapi/controllers/cat_api.go:25.8,27.3 1 0
catapi/controllers/cat_api.go:28.2,28.25 1 0
catapi/controllers/cat_api.go:31.43,41.9 6 0
catapi/controllers/cat_api.go:42.29,43.26 1 0
catapi/controllers/cat_api.go:44.26,45.59 1 0
catapi/controllers/cat_api.go:48.2,48.15 1 0
catapi/controllers/cat_api.go:50.78,53.19 3 0
catapi/controllers/cat_api.go:53.19,56.6 2 0
catapi/controllers/cat_api.go:58.5,61.19 3 0
catapi/controllers/cat_api.go:61.19,64.6 2 0
catapi/controllers/cat_api.go:65.5,68.19 3 0
catapi/controllers/cat_api.go:68.19,71.6 2 0
catapi/controllers/cat_api.go:73.5,73.41 1 0
catapi/controllers/cat_api.go:73.41,76.6 2 0
catapi/controllers/cat_api.go:78.5,79.57 2 0
catapi/controllers/cat_api.go:79.57,82.6 2 0
catapi/controllers/cat_api.go:84.5,84.25 1 0
catapi/controllers/cat_api.go:84.25,87.6 2 0
catapi/controllers/cat_api.go:89.5,89.30 1 0
catapi/controllers/cat_api.go:92.112,98.19 5 0
catapi/controllers/cat_api.go:98.19,102.6 3 0
catapi/controllers/cat_api.go:104.5,107.19 3 0
catapi/controllers/cat_api.go:107.19,111.6 3 0
catapi/controllers/cat_api.go:112.5,115.19 3 0
catapi/controllers/cat_api.go:115.19,119.6 3 0
catapi/controllers/cat_api.go:121.5,121.41 1 0
catapi/controllers/cat_api.go:121.41,125.6 3 0
catapi/controllers/cat_api.go:127.5,128.57 2 0
catapi/controllers/cat_api.go:128.57,132.6 3 0
catapi/controllers/cat_api.go:134.5,134.24 1 0
catapi/controllers/cat_breed_api.go:12.37,21.9 6 0
catapi/controllers/cat_breed_api.go:22.29,23.26 1 0
catapi/controllers/cat_breed_api.go:24.26,25.59 1 0
catapi/controllers/cat_breed_api.go:28.2,28.15 1 0
catapi/controllers/cat_breed_api.go:32.42,43.9 7 0
catapi/controllers/cat_breed_api.go:44.29,45.26 1 0
catapi/controllers/cat_breed_api.go:46.26,47.59 1 0
catapi/controllers/cat_breed_api.go:50.2,50.15 1 0
catapi/controllers/cat_breed_api.go:54.106,60.16 5 0
catapi/controllers/cat_breed_api.go:60.16,64.3 3 0
catapi/controllers/cat_breed_api.go:65.2,68.16 3 0
catapi/controllers/cat_breed_api.go:68.16,72.3 3 0
catapi/controllers/cat_breed_api.go:73.2,76.16 3 0
catapi/controllers/cat_breed_api.go:76.16,80.3 3 0
catapi/controllers/cat_breed_api.go:82.2,82.38 1 0
catapi/controllers/cat_breed_api.go:82.38,86.3 3 0
catapi/controllers/cat_breed_api.go:88.2,89.54 2 0
catapi/controllers/cat_breed_api.go:89.54,93.3 3 0
catapi/controllers/cat_breed_api.go:95.2,95.21 1 0
catapi/controllers/cat_breed_api.go:99.123,105.16 5 0
catapi/controllers/cat_breed_api.go:105.16,109.3 3 0
catapi/controllers/cat_breed_api.go:110.2,113.16 3 0
catapi/controllers/cat_breed_api.go:113.16,117.3 3 0
catapi/controllers/cat_breed_api.go:118.2,121.16 3 0
catapi/controllers/cat_breed_api.go:121.16,125.3 3 0
catapi/controllers/cat_breed_api.go:127.2,127.38 1 0
catapi/controllers/cat_breed_api.go:127.38,131.3 3 0
catapi/controllers/cat_breed_api.go:133.2,134.54 2 0
catapi/controllers/cat_breed_api.go:134.54,138.3 3 0
catapi/controllers/cat_breed_api.go:140.2,140.21 1 0
catapi/controllers/cat_controller.go:18.58,20.2 1 0
catapi/controllers/cat_controller.go:23.52,24.28 1 0
catapi/controllers/cat_controller.go:24.28,26.6 1 0
catapi/controllers/cat_controller.go:27.5,27.26 1 0
catapi/controllers/cat_controller.go:31.36,33.9 2 0
catapi/controllers/cat_controller.go:33.9,35.3 1 0
catapi/controllers/cat_controller.go:36.2,36.19 1 0
catapi/controllers/cat_fav.go:13.42,20.81 4 0
catapi/controllers/cat_fav.go:20.81,25.6 4 0
catapi/controllers/cat_fav.go:26.2,26.28 1 0
catapi/controllers/cat_fav.go:26.28,31.6 4 0
catapi/controllers/cat_fav.go:32.5,39.19 7 0
catapi/controllers/cat_fav.go:39.19,41.6 1 0
catapi/controllers/cat_fav.go:42.5,43.19 2 0
catapi/controllers/cat_fav.go:43.19,49.6 5 0
catapi/controllers/cat_fav.go:50.5,53.57 3 0
catapi/controllers/cat_fav.go:53.57,59.6 5 0
catapi/controllers/cat_fav.go:61.5,62.18 2 0
catapi/controllers/cat_fav.go:65.40,74.22 7 0
catapi/controllers/cat_fav.go:74.22,76.6 1 0
catapi/controllers/cat_fav.go:77.5,78.19 2 0
catapi/controllers/cat_fav.go:78.19,83.6 4 0
catapi/controllers/cat_fav.go:84.5,88.31 3 0
catapi/controllers/cat_fav.go:88.31,93.6 4 0
catapi/controllers/cat_fav.go:95.5,96.57 2 0
catapi/controllers/cat_fav.go:96.57,101.6 4 0
catapi/controllers/cat_fav.go:103.5,104.18 2 0
catapi/controllers/cat_fav.go:107.42,118.19 6 0
catapi/controllers/cat_fav.go:118.19,123.6 4 0
catapi/controllers/cat_fav.go:126.5,130.22 3 0
catapi/controllers/cat_fav.go:130.22,132.6 1 0
catapi/controllers/cat_fav.go:133.5,134.19 2 0
catapi/controllers/cat_fav.go:134.19,139.6 4 0
catapi/controllers/cat_fav.go:140.5,143.31 2 0
catapi/controllers/cat_fav.go:143.31,151.6 7 0
catapi/controllers/cat_fav.go:154.5,155.18 2 0
catapi/controllers/cat_vote.go:13.38,18.74 4 0
catapi/controllers/cat_vote.go:18.74,23.3 4 0
catapi/controllers/cat_vote.go:25.2,25.41 1 0
catapi/controllers/cat_vote.go:25.41,30.3 4 0
catapi/controllers/cat_vote.go:33.2,43.16 9 0
catapi/controllers/cat_vote.go:43.16,50.3 6 0
catapi/controllers/cat_vote.go:51.2,56.54 4 0
catapi/controllers/cat_vote.go:56.54,63.3 6 0
catapi/controllers/cat_vote.go:65.2,67.15 3 0
catapi/controllers/cat_vote.go:70.36,80.16 8 0
catapi/controllers/cat_vote.go:80.16,85.3 4 0
catapi/controllers/cat_vote.go:86.2,90.28 3 0
catapi/controllers/cat_vote.go:90.28,95.3 4 0
catapi/controllers/cat_vote.go:97.2,98.54 2 0
catapi/controllers/cat_vote.go:98.54,103.3 4 0
catapi/controllers/cat_vote.go:105.2,106.15 2 0
catapi/main.go:8.13,10.2 1 0
catapi/routers/router.go:8.13,20.2 9 0
catapi/controllers/cat_api.go:14.39,15.19 1 1
catapi/controllers/cat_api.go:15.19,17.3 1 1
catapi/controllers/cat_api.go:19.2,23.16 4 1
catapi/controllers/cat_api.go:23.16,25.3 1 1
catapi/controllers/cat_api.go:25.8,27.3 1 1
catapi/controllers/cat_api.go:28.2,28.25 1 1
catapi/controllers/cat_api.go:31.43,41.9 6 1
catapi/controllers/cat_api.go:42.29,43.26 1 0
catapi/controllers/cat_api.go:44.26,45.59 1 1
catapi/controllers/cat_api.go:48.2,48.15 1 1
catapi/controllers/cat_api.go:50.78,53.19 3 1
catapi/controllers/cat_api.go:53.19,56.6 2 0
catapi/controllers/cat_api.go:58.5,61.19 3 1
catapi/controllers/cat_api.go:61.19,64.6 2 1
catapi/controllers/cat_api.go:65.5,68.19 3 1
catapi/controllers/cat_api.go:68.19,71.6 2 0
catapi/controllers/cat_api.go:73.5,73.41 1 1
catapi/controllers/cat_api.go:73.41,76.6 2 0
catapi/controllers/cat_api.go:78.5,79.57 2 1
catapi/controllers/cat_api.go:79.57,82.6 2 0
catapi/controllers/cat_api.go:84.5,84.25 1 1
catapi/controllers/cat_api.go:84.25,87.6 2 1
catapi/controllers/cat_api.go:89.5,89.30 1 1
catapi/controllers/cat_api.go:92.112,98.19 5 1
catapi/controllers/cat_api.go:98.19,102.6 3 0
catapi/controllers/cat_api.go:104.5,107.19 3 1
catapi/controllers/cat_api.go:107.19,111.6 3 1
catapi/controllers/cat_api.go:112.5,115.19 3 1
catapi/controllers/cat_api.go:115.19,119.6 3 1
catapi/controllers/cat_api.go:121.5,121.41 1 1
catapi/controllers/cat_api.go:121.41,125.6 3 1
catapi/controllers/cat_api.go:127.5,128.57 2 1
catapi/controllers/cat_api.go:128.57,132.6 3 1
catapi/controllers/cat_api.go:134.5,134.24 1 1
catapi/controllers/cat_breed_api.go:12.37,21.9 6 1
catapi/controllers/cat_breed_api.go:22.29,23.26 1 1
catapi/controllers/cat_breed_api.go:24.26,25.59 1 0
catapi/controllers/cat_breed_api.go:28.2,28.15 1 1
catapi/controllers/cat_breed_api.go:32.42,43.9 7 1
catapi/controllers/cat_breed_api.go:44.29,45.26 1 0
catapi/controllers/cat_breed_api.go:46.26,47.59 1 1
catapi/controllers/cat_breed_api.go:50.2,50.15 1 1
catapi/controllers/cat_breed_api.go:54.106,60.16 5 1
catapi/controllers/cat_breed_api.go:60.16,64.3 3 0
catapi/controllers/cat_breed_api.go:65.2,68.16 3 1
catapi/controllers/cat_breed_api.go:68.16,72.3 3 1
catapi/controllers/cat_breed_api.go:73.2,76.16 3 1
catapi/controllers/cat_breed_api.go:76.16,80.3 3 0
catapi/controllers/cat_breed_api.go:82.2,82.38 1 1
catapi/controllers/cat_breed_api.go:82.38,86.3 3 1
catapi/controllers/cat_breed_api.go:88.2,89.54 2 1
catapi/controllers/cat_breed_api.go:89.54,93.3 3 1
catapi/controllers/cat_breed_api.go:95.2,95.21 1 1
catapi/controllers/cat_breed_api.go:99.123,105.16 5 1
catapi/controllers/cat_breed_api.go:105.16,109.3 3 0
catapi/controllers/cat_breed_api.go:110.2,113.16 3 1
catapi/controllers/cat_breed_api.go:113.16,117.3 3 1
catapi/controllers/cat_breed_api.go:118.2,121.16 3 1
catapi/controllers/cat_breed_api.go:121.16,125.3 3 0
catapi/controllers/cat_breed_api.go:127.2,127.38 1 1
catapi/controllers/cat_breed_api.go:127.38,131.3 3 1
catapi/controllers/cat_breed_api.go:133.2,134.54 2 1
catapi/controllers/cat_breed_api.go:134.54,138.3 3 1
catapi/controllers/cat_breed_api.go:140.2,140.21 1 1
catapi/controllers/cat_controller.go:18.58,20.2 1 1
catapi/controllers/cat_controller.go:23.52,24.28 1 1
catapi/controllers/cat_controller.go:24.28,26.6 1 1
catapi/controllers/cat_controller.go:27.5,27.26 1 1
catapi/controllers/cat_controller.go:31.36,33.9 2 1
catapi/controllers/cat_controller.go:33.9,35.3 1 0
catapi/controllers/cat_controller.go:36.2,36.19 1 1
catapi/controllers/cat_fav.go:13.42,20.81 4 1
catapi/controllers/cat_fav.go:20.81,25.6 4 0
catapi/controllers/cat_fav.go:26.2,26.28 1 1
catapi/controllers/cat_fav.go:26.28,31.6 4 1
catapi/controllers/cat_fav.go:32.5,39.19 7 1
catapi/controllers/cat_fav.go:39.19,41.6 1 0
catapi/controllers/cat_fav.go:42.5,43.19 2 1
catapi/controllers/cat_fav.go:43.19,49.6 5 1
catapi/controllers/cat_fav.go:50.5,53.57 3 1
catapi/controllers/cat_fav.go:53.57,59.6 5 1
catapi/controllers/cat_fav.go:61.5,62.18 2 1
catapi/controllers/cat_fav.go:65.40,74.22 7 1
catapi/controllers/cat_fav.go:74.22,76.6 1 1
catapi/controllers/cat_fav.go:77.5,78.19 2 1
catapi/controllers/cat_fav.go:78.19,83.6 4 1
catapi/controllers/cat_fav.go:84.5,88.31 3 1
catapi/controllers/cat_fav.go:88.31,93.6 4 1
catapi/controllers/cat_fav.go:95.5,96.57 2 1
catapi/controllers/cat_fav.go:96.57,101.6 4 1
catapi/controllers/cat_fav.go:103.5,104.18 2 1
catapi/controllers/cat_fav.go:107.42,118.19 6 1
catapi/controllers/cat_fav.go:118.19,123.6 4 0
catapi/controllers/cat_fav.go:126.5,130.22 3 1
catapi/controllers/cat_fav.go:130.22,132.6 1 1
catapi/controllers/cat_fav.go:133.5,134.19 2 1
catapi/controllers/cat_fav.go:134.19,139.6 4 1
catapi/controllers/cat_fav.go:140.5,143.31 2 1
catapi/controllers/cat_fav.go:143.31,151.6 7 1
catapi/controllers/cat_fav.go:154.5,155.18 2 1
catapi/controllers/cat_vote.go:13.38,18.74 4 1
catapi/controllers/cat_vote.go:18.74,23.3 4 0
catapi/controllers/cat_vote.go:25.2,25.41 1 1
catapi/controllers/cat_vote.go:25.41,30.3 4 0
catapi/controllers/cat_vote.go:33.2,43.16 9 1
catapi/controllers/cat_vote.go:43.16,50.3 6 1
catapi/controllers/cat_vote.go:51.2,56.54 4 1
catapi/controllers/cat_vote.go:56.54,63.3 6 1
catapi/controllers/cat_vote.go:65.2,67.15 3 1
catapi/controllers/cat_vote.go:70.36,80.16 8 1
catapi/controllers/cat_vote.go:80.16,85.3 4 1
catapi/controllers/cat_vote.go:86.2,90.28 3 1
catapi/controllers/cat_vote.go:90.28,95.3 4 1
catapi/controllers/cat_vote.go:97.2,98.54 2 1
catapi/controllers/cat_vote.go:98.54,103.3 4 1
catapi/controllers/cat_vote.go:105.2,106.15 2 1
catapi/routers/router.go:8.13,20.2 9 1
